Directly loading already quantized model
xpu optimize_transformers function is activated
Warning: we didn't find deepspeed package in your environment, all deepspeed related feature will be disabled
tp size less than 2, tensor parallel will be disabled
inference done
sycnhronize done
generated_ids done
### 本节课核心内容总结

#### 1. 本节课的主题和目标
- **主题**：探究影子的秘密，了解影子的产生原理及如何通过改变手电筒和物体的位置来控制影子的大小和方向。
- **目标**：让学生通过实验和讨论理解影子的形成机制，并掌握如何通过改变光源和物体的位置来控制影子的大小和方向。

#### 2. 主要讲解的知识点
1. **影子的产生**
   - **定义**：影子是由于物体挡住光源而形成的阴影区域。
   - **原理**：光源被物体遮挡后，被遮挡部分后面的空间就会形成影子。
   
2. **影子的大小变化**
   - **方法**：通过改变手电筒和物体的距离来改变影子的大小。
   - **实验**：通过实际操作和记录，验证影子大小的变化与手电筒距离的关系。
   
3. **影子的方向变化**
   - **方法**：通过改变手电筒的角度来改变影子的方向。
   - **实验**：通过实际操作和记录，验证影子方向的变化与手电筒角度的关系。

#### 3. 技术发展历史或时间线
- **历史背景**：人类自古以来就对光影现象产生了浓厚的兴趣，古代就有通过光影观察时间的装置，如日晷。
- **现代应用**：现代光影技术广泛应用于舞台剧、电影特效等领域，但本课程主要集中在基础的光学原理。

#### 4. 重要术语及其含义
- **阻挡物**：遮挡光源的物体。
- **光源**：能够发光的物体或设备，如手电筒。
- **影子**：阻挡物挡住光源后，在阻挡物后面形成的阴影区域。
- **直射**：光源直接照射到物体上。
- **斜射**：光源以一定角度照射到物体上。

### 总结
本节课旨在通过实验和讨论帮助学生理解影子的形成原理以及如何通过改变光源和物体的位置来控制影子的大小和方向。学生通过亲手操作和记录实验结果，掌握了光影的基本知识，为未来的学习打下了坚实的基础。
Inference time: 55.751479625701904 s
Overal Latency: 67.3165512084961 s
