Directly loading already quantized model
xpu optimize_transformers function is activated
Warning: we didn't find deepspeed package in your environment, all deepspeed related feature will be disabled
tp size less than 2, tensor parallel will be disabled
inference done
sycnhronize done
generated_ids done
### 本节课核心内容总结

#### 1. 本节课的主题和目标
- **主题**：通过实验探究影子的形成原理及其变化。
- **目标**：让学生了解影子的形成条件、影子大小和方向的变化规律，并学会用手电筒和物体模拟影子戏。

#### 2. 主要讲解的知识点
1. **影子的形成**
   - 需要光源、阻挡物和屏幕三个要素。
   - 光源（如手电筒）的光线被阻挡物（如金箍棒）挡住后，在屏幕（如桌面）上形成影子。
   
2. **影子大小的变化**
   - 通过改变手电筒和阻挡物之间的距离或相对位置，可以改变影子的大小。
   - 影子大小的增加可以通过靠近光源或远离阻挡物实现；影子大小的减小则反之。
   
3. **影子方向的变化**
   - 光源和影子的方向相反。
   - 通过调整手电筒的角度，可以控制影子的方向变化。

#### 3. 技术发展历史或时间线
- 虽然本节课未详细提及，但影子的概念自古以来就存在，早在公元前5世纪，古希腊哲学家欧多克斯就已经研究过影子的性质和形成原理。
  
#### 4. 重要术语及其含义
- **光源**：能够发光的物体，如手电筒。
- **阻挡物**：能够阻挡光线的物体，如金箍棒。
- **屏幕**：接受影子投影的表面，如桌面。
- **影子**：当光源被阻挡物遮挡时，在屏幕上形成的黑暗区域。
- **直射**：光源直接照射到物体上。
- **斜射**：光源以一定角度照射到物体上。

### 总结
本节课通过实验和互动的方式，让学生深入了解影子的形成原理及其变化规律。学生通过亲手操作手电筒和物体，掌握了影子大小和方向的变化机制，并学会了如何利用这些原理进行简单的影子戏表演。
Inference time: 55.043105602264404 s
Overal Latency: 69.30970811843872 s
