Directly loading already quantized model
xpu optimize_transformers function is activated
Warning: we didn't find deepspeed package in your environment, all deepspeed related feature will be disabled
tp size less than 2, tensor parallel will be disabled
inference done
sycnhronize done
generated_ids done
### 本节课核心内容总结

#### 1. 本节课主题和目标
- **主题**：探究影子的形成原理及变化规律。
- **目标**：通过实验和观察，了解影子的形成条件、变化原因，并能运用所学知识设计影子戏。

#### 2. 主要讲解的知识点
1. **影子的形成**
   - 影子的产生条件：需要光源、阻挡物和屏幕（地面或墙面）。
2. **影子的大小变化**
   - 改变光源与阻挡物的距离可以改变影子的大小。
   - 实验方法：调整手电筒与阻挡物的距离，观察影子大小的变化。
3. **影子的方向变化**
   - 光源方向与影子方向相反。
   - 实验方法：调整手电筒的方向，观察影子方向的变化。

#### 3. 技术发展历史或时间线
- **影子的形成原理**：古代就有对光影现象的研究，但现代科学研究更深入地探讨了光的物理特性及其在不同介质中的传播规律。

#### 4. 重要术语及其解释
- **光源**：提供光线的物体，如手电筒。
- **阻挡物**：挡住光线的物体，如金箍棒。
- **屏幕**：接收影子的表面，如地面或墙面。
- **直射**：光线垂直照射到阻挡物上。
- **斜射**：光线以一定角度照射到阻挡物上。

### 总结
本节课主要围绕影子的形成原理及其变化规律展开，通过实验和观察，学生掌握了影子的形成条件、大小变化的原因以及方向变化的规律。此外，还鼓励学生将学到的知识应用于实际操作，设计和表演影子戏，加深了对光影现象的理解和兴趣。
Inference time: 48.537922859191895 s
Overal Latency: 59.90839695930481 s
