Directly loading already quantized model
xpu optimize_transformers function is activated
Warning: we didn't find deepspeed package in your environment, all deepspeed related feature will be disabled
tp size less than 2, tensor parallel will be disabled
inference done
sycnhronize done
generated_ids done
### 本节课核心内容总结

#### 1. 本节课主题和目标
- **主题**：探索影子的秘密，学习影子的产生原理及如何通过改变手电筒和物体的位置来控制影子的大小和方向。
- **目标**：通过实验了解影子的形成机制，掌握影响影子大小和方向的因素。

#### 2. 主要讲解的知识点
1. **影子的产生**
2. **影子的大小变化**
3. **影子的方向变化**

#### 3. 各知识点简要解释
1. **影子的产生**
   - **定义**：当光线被物体挡住时，会在另一侧形成影子。
   - **解释**：物体挡住光线后，光线无法穿透，形成阴影区域，即影子。

2. **影子的大小变化**
   - **原理**：改变手电筒与物体的距离可以改变影子的大小。
   - **操作**：增大手电筒与物体的距离，影子变大；减小距离，影子变小。

3. **影子的方向变化**
   - **原理**：改变手电筒的照射角度会影响影子的方向。
   - **操作**：手电筒垂直照射时，影子垂直于光线；倾斜手电筒，影子也会倾斜。

#### 4. 技术发展历史或时间线
- **古代**：人类最早通过观察影子来判断时间。
- **现代**：通过实验研究影子的形成机制，了解影响因素。
  
#### 5. 重要术语及其含义
- **阻挡物**：指挡住光线的物体。
- **光源**：发出光线的物体，如手电筒。
- **直射**：光线垂直照射。
- **斜射**：光线倾斜照射。

### 总结
本节课围绕“影子”的主题展开，通过实验和互动教学帮助学生理解影子的产生原理及其大小和方向的变化规律。学生通过实际操作，掌握了如何通过改变手电筒和物体的位置来控制影子的大小和方向，同时也了解了影子形成的科学原理。
Inference time: 55.59775447845459 s
Overal Latency: 67.40133810043335 s
