Directly loading already quantized model
xpu optimize_transformers function is activated
Warning: we didn't find deepspeed package in your environment, all deepspeed related feature will be disabled
tp size less than 2, tensor parallel will be disabled
inference done
sycnhronize done
generated_ids done
### 核心内容总结

#### 1. 本节课主题和目标
- **主题**：探究影子的形成原理及其变化。
- **目标**：通过实验和讨论，了解影子的产生条件及大小、方向的变化规律。

#### 2. 主要讲解的知识点
1. 影子的产生条件。
2. 影子大小的变化原理。
3. 影子方向的变化原理。
4. 实验操作与记录方法。
5. 课堂评价标准与影子戏创作。

#### 3. 每个知识点的简要解释
1. **影子的产生条件**：影子是由阻挡光源的物体形成的，物体挡住光线后会在其后方形成影子。
2. **影子大小的变化原理**：通过改变手电筒的位置或物体的摆放方式，可以改变影子的大小。
3. **影子方向的变化原理**：影子的方向与光源的方向相反。
4. **实验操作与记录方法**：通过实验观察影子大小和方向的变化，并记录实验过程。
5. **课堂评价标准与影子戏创作**：掌握影子戏的基本概念和技巧，制作符合评价标准的影子戏。

#### 4. 技术发展历史或时间线
- 人类最早认识到影子的存在，古代人们通过观察影子的形成和变化来判断时间。
- 现代光学研究进一步揭示了影子的形成机制，通过实验验证影子的大小和方向变化原理。

#### 5. 重要术语及其含义
- **阻挡物**：指挡住光源的物体，是影子形成的必要条件之一。
- **光源**：提供光线的物体，如手电筒或太阳。
- **影子**：阻挡物后面形成的黑暗区域，是光被阻挡后的结果。
- **直射**：光源直接照射物体，形成影子。
- **斜射**：光源斜向照射物体，形成倾斜的影子。

通过上述总结，学生不仅掌握了影子的形成原理及变化规律，还学会了如何通过实验和记录方法进行探究和展示，为后续的学习打下了坚实的基础。
Inference time: 56.1639199256897 s
Overal Latency: 67.76355051994324 s
