Directly loading already quantized model
xpu optimize_transformers function is activated
Warning: we didn't find deepspeed package in your environment, all deepspeed related feature will be disabled
tp size less than 2, tensor parallel will be disabled
warmup...
generate...
inference done
sycnhronize done
generated_ids done
### 本节课核心内容总结

#### 1. 本节课主题和目标
- **主题**：探究影子的产生原理及其变化。
- **目标**：通过实验和表演了解影子的产生机制，掌握影响影子大小和方向变化的因素。

#### 2. 主要讲解的知识点
1. **影子的产生**
   - 需要光源和阻挡物。
   - 光源照射到阻挡物，阻挡物后方形成影子。
   
2. **影子的大小变化**
   - 改变手电筒的位置可以改变影子的大小。
   - 影子的大小变化与手电筒与阻挡物的距离有关。
   
3. **影子的方向变化**
   - 光源的方向决定影子的方向。
   - 反向关系：光源方向与影子方向相反。
   
4. **影子戏的表演**
   - 学习如何通过手电筒和物体的摆放来控制影子的大小和方向。
   - 掌握影子戏的基本表演技巧。

#### 3. 技术发展历史或时间线
- **古代光学知识**：最早关于影子的研究可以追溯到古希腊时期，如阿基米德等学者的研究。
- **现代光学实验**：现代光学实验进一步验证了影子的产生原理，特别是通过手电筒和物体摆放的变化来控制影子的大小和方向。

#### 4. 重要术语及解释
- **光源**：提供光的物体，如手电筒。
- **阻挡物**：挡住光线的物体，形成影子。
- **影子**：阻挡物后方形成的黑暗区域。
- **直射**：光源直接照射到阻挡物。
- **斜射**：光源斜向照射到阻挡物。
  
### 总结
本节课旨在通过实验和互动，帮助学生理解和掌握影子的产生原理及其变化规律。学生通过实际操作和小组合作，学会了如何通过调整手电筒和物体的位置来控制影子的大小和方向，同时也展示了影子戏的初步表演技能。
Inference time: 53.49454355239868 s
Overal Latency: 128.7245066165924 s
