openvino runtime version: 2025.3.0-19500-3ee669d7d10
Prompt token size: 2937
Prompt
: ['<|im_start|>system\nYou are a helpful assistant.<|im_end|>\n<|im_start|>user\n请阅读以下课堂音频转录的数据，提炼出本节课的核心内容、知识点结构、讲解顺序，并用简洁清晰的语言进行总结。总结应包括：\n1. 本节课的主题和目标；\n2. 主要讲解的知识点（可分条列出）；\n3. 每个知识点的简要解释；\n4. 如果有技术发展历史或时间线，请整理成清晰的逻辑顺序；\n5. 如有重要术语，请简要解释其含义和作用。\n以下是转录数据：\n{好，小朋友们上课前呢田老师想先跟小朋友们讲解一下我们今天这节课的课堂评价。这里呢有三种颜色的讲卡，绿色的会探究，会实践。粉红色会倾听会分享蓝色会记录，会分享。我想请小朋友们先来说一说，你觉得什么叫做会探究会实践啊，哪个小朋友来讲一下，那请你来说用话筒练习一下。那我们科学课上是要做实验的，对不对？在做实验的过程中，我们有一定的实验要求，还有一定的实验目标，对不对？好，那我们要按照实验要求去完成探究，对吧？好，请坐，非常勇敢啊。那么完成探究之后，我们把我们探究所收获的应用到我们的生活中，就叫做会实践。哎，非常好。那等会儿的课堂中，如果你做到了相应的要求，就可以获得一张绿色的奖卡，好吗？会倾听会合作呢。好，请你来说来，请你来说蓝色奖卡。好，来八号组男生。哎，对，这边的八号指南生来九号组男生最后一个机会喽，我最喜欢好上课。七同学们好同学们啊。今天啊田老师带了一个小任务，想请我们小组的同学演一演影子戏。影子戏的主角呢是影子。我们今天啊就一起来探究影子的秘密，来完成影子戏的挑战，有没有信心，有哇信心满满。好了，那我们要请出我们的影子主角，你觉得怎么才能让影子出来啊？需要什么呢？来第一个小手请你来说。好，那请你吧，比较近好吗？来，请你来造一个影子出来给我们其他小朋友都看一看现场造影，影子出现了吗？在哪里？告诉大家在哪里，桌面上后面的小朋友看不到，能不能在其他的地方再照个影，让后面小朋友也看得到是看到了吗？是看到了，哎，同学们你能来说一说影子是怎么产生的吗？为什么这个影子出现了光照在嗯光照在，漆黑一片。对，我们在哪里看到了影子啊，在哪里看到了。来，请你来说八号子男生，影子出现的地方叫做平太阳底下人的影子出现在哪里？地面地面，那么太阳底下的物体的影呃平是什么？地面哦，非常棒，现在这个影子的平是什么？刚才这里的平呢哎非常棒。好，谢谢你，请回。好，那我想请小朋友来总结一下，产生影子，我们到底需要哪些物体呢？刚才我们已经造出来了，来呃，请你来说告诉女生啊这个物体产生影子在我们照射的过程中，这个物体刚才第一个小朋友其实已经说过了，这个物体里面会让到嗯这个物体把光给住了，挡住了非常棒。所以我们把物体称作为阻挡物光源，发出明亮的光，被阻挡物遮挡了后面产生影子在哪里出现了？哎，非常棒。影子产生的秘密就被我们发现了。但是啊造影子戏可没那么简单哦，今天啊田老师也带来了一部影子戏，悟空闹龙宫，喜获金箍棒，请小朋友们一来一起来欣赏一下边欣赏边思考金箍棒的影子发生了哪些变化好，那影子戏中影子发生了哪些变化呢？来，请你来说？由大变小，形状怎么变了？就是他本来他本来前面是一个圆肩，本来是一个长，然后后面一变话筒近一点嗯也就是说它的什么发生了改变，从这边到这边哎方向发生了改变。好，非常棒，观察的很仔细啊，奖励一颗会分享的蓝色奖卡，非常好好，请坐那影子发生了这些变化。今天啊在我们的影子戏中也要让影子出现这些变化。我们先一起来看一看大小怎么变，来请你来说？来试一试，让影子的大小发生改变，让其他小朋友都看到好按钮再大一点，影子变大到了吗？哎，他怎么做的？来这个男生，你你能来这里帮他把刚才他的方法记录下来吗？并贴纸的方式，手电筒大影子是怎么照的？小影子是怎么照的？来，我们让其他你你在这边站一下好不好？在这里造音让其他小朋友都能看到大影子是怎么做的。你造的大影子，其他小朋友认真看哦，大影子让它变大，怎么让影子变大，怎么做的金箍棒也贴一下。好，那小影子呢？好，侧面站一下来，小朋友们，他对他的记录方法正确吗？正哦好，两个人配合的也非常好，非常会合作。来奖励粉红色的奖卡。谢谢你们。来小朋友们，田老师还要表扬一下这个记录的小朋友，他金箍棒的位置有没有变化，没通过改变手电筒的位置，让影子的大小出现了变化，说明我们改变影子大小确实是手电筒的移动导致的，对不对？那还有没有其他的办法也能改变影子的大小呢？这边小组要加油哦，来，请你来说？来十组的男生说也可以。好，再想一想，钱老师还没有理解来，你说，改变方影子和圆影子，同样也用贴纸记录记在在这好吗？先实验再记录看一下我们的实验要求。看好的小组，请你在这个位置，就每个组的这个位置拿出实验材料来开始实验，食物看的头小朋友们抓紧时间来如果你做到了，就可以拿相应颜色的奖卡之钱的，不算好，完成自停之后请坐端正啊，非常棒。来，接下来我们一起来分享一下，我们一起来分享一下，实现影子变大变小，还有没有其他的方法，哪个小组愿意来分享一下，拿这个小组好不好？来，请你们来上台试一下。两个人演是两个小朋友负责贴记录，好吗？抓紧时间，有人有人说你们怎么做的？我们实现了改影子大小的变化嗯。看到了吗？你们的方法跟他们一样吗？一样也都做出来了是吧？好，我们看看他们的记录来，抓紧时间，或者你们去帮他们都可以。好吧，小组合作好，来把我们的记录展示给同学们看清楚了吗？好，掌声送给他们非常棒。哎，回做的很好好，请回我们其他小组也都用这样的方法实现了影子大小的改变。我们一起来看一下我们产生大影子的时候，有什么共同的特点来呃八号组男生第一个小手嗯，那产生小影子的时候呢，请坐换一个同学哈，请你来呃，请你来说。好，第二组同样的方法，有人演示，有人贴合作。好啊，其他小组你们注意看他们之间的配合怎么样，小组合作如何来说一说你是怎么做的，你们贴一贴，哎，两个小两个小朋友配合的很好好，我们来看一下他们的记录，站到侧面，让小朋友看一下，跟你们的记录一样吗？一样。哎，好，那田老师有一个问题啊，你们刚才是通过改变了物体的摆放方式，实现了影子的改变，对不对啊？那能不能用这句话完整的再来描述一下？来你来说话筒，请回，谢谢。来，我们已经完成了两项挑战任务了，看看悟空怎么说，变小变小变到最小，有什么办法利用我们刚才刚刚学过的来呃那个八号组男生嗯，对，哎，你说你你说就可以了，对，来怎么让这个圆形影子变小用到的金箍棒，移动金箍棒，我这个手电筒不动，对不对？好，还能变小吗？还能还能还能变小变小最小的影子出来了吗？哎，好，那非常棒啊，看，你能有办法让影子发生这样的变化吗？先说一说发生了什么变化，你说话筒这个方向也发生了变化。哎，你们想怎么做能够实现的啊。如果我想让影子继续变长，变到有黄色阴影那么长。这时候我黄色的手电筒应该摆放在哪里？清楚了吗？这就是我们今天要探究的影子，长短和方向的变化。那现在就请你们拿出嗯材料呃，小组长从这边的抽屉里啊，从这边的抽屉里拿出记录单，这张桌子里拿出记录单，用你刚才的那套实验器材开始这个探究安静老师能帮我们把光调的暗一点吗。嗯，好，对，很好好表扬，二号一号啊，小朋友们都已经做好实验，开始我们一起来分享一下。如果想实现影子向上慢慢变长，我们可以怎么样放置我们的手电筒来请你来说五号走，就呃就是要话筒对，想要制造出呃出手电？另外一天的学生，那你请你来试一下好了，来，在这里试一下。钱老师的金箍棒已经在这里了，是不是要让影子向上变长，让它向正上方呃下方一点，手电筒在下方，如果让它再变长，那么就要再下面再下面一点。好，非常棒。那如果说我们来看一下田老师啊，把这种照射方式叫做直射。他刚才让他向下摆一摆，把这种方式叫做把斜射。你们能用这句话来表述一下这个发现吗？那第一个小手请你来说。我们发现影子的方向跟光源的方向有什么关系啊，反的吧，反哦，相反的，我们把这句话来一起来完善一下光源方向和影子方向相反，哎，非常棒。那这是另外一个秘妙。那这样子的现象，你在生活中有没有看到过啊？那请你来说好，到傍晚的时候，影子啊又变又变长了，方向。yes，反了yes，反了非常棒。能够与我们的生活做链接，奖励这个男孩子会分享的蓝色奖卡，非常棒。好，谢谢你同样把掌声送给他啊，非常棒。对，是藏蓝色的，非常棒。好，那影子的秘密啊被我们发现了，同学们，我们现在可不可以来演影子戏啦，看好要求的小组，请你上来领取一套剧本小组长上来领取，然后借助你的屏实现。好了，抓紧时间拿到之后，抓紧时间，老师能帮我们把光线调暗一点吗上去吧。剧本拿出来，不是我们那边剧本拿出来在我们的屏上完成演绎啊，没有停对自己扶着啊。这个那那没没管，那那不管管，我不知道这个意思，你不要动。对，用我们这个只有五分钟时间。对，只有五分钟，有一个人是煮稿子的。今天我来来句吧，专业者的剧本放桌面，其他的放抽屉，剧本放桌面，其他放抽屉，剧本在桌面上。好了，那小朋友们刚才自己表演了影子戏，有没有哪个小组愿意上来展示一下？哇，小手都很高，都很热情啊，我需要先找两位小朋友做志愿者帮我们把屏给撑开。那好吧，请你来中评好吗？来，还有呢，来这个男生好不好？我找个子高一点的，好吧，来小朋友站到这里吧，这里好不好。对，那个小朋友手也可以往上一点，放地上，哎，脚底住用脚抵住。那像这样子，田老师这样子懂吗？懂吗？哎，好，来哪个组来展示你们的材料，不用带，田老师都给你们准备好了。好，那这个小组好不好？你们先来，他们比较近，我们先请他们啊，其他其他小朋友也都有机会。你们是哪个妖精的吗？对，上官和妖精好的不是手手电筒啊，你是手电筒来分工，合作非常清楚啊，来过来手电筒上线好，来在这里啊，怎么站。好，刚才他们变大变小，我想请他们再重新来演示一下好不好？或者说其他小组有跟他们变大变小不一样的吗？好，行，那我们把掌声送给他们。好，谢谢你们来材料给到老师。好吧，来，我们再请另一个剧本的龙王们，哪个小组带上剧本，带上剧本。对，抓紧时间干嘛啊，今天上午好睡觉，你好好拿来对上面拉直，好不好玩我们哦好，来掌声送给他们，没事啊，给我非常好啊，好，来同学们田老师发现了一个小问题。刚才在第一组，他们想让影子变大变小的时候，你们猜测一下他们是用的哪一种方法，或者刚才龙王和孙悟空的时候来，我让影我让那个妖精的影子变大，这个时候悟空有没有变化？没有，那这个时候我应该是用的哪种方法？移动物体还是移动手电筒啊，我移动移动物体来实现它们大小的变化，对不对？假如说移动手电筒会出现什么现象？当然哦同步变大了非常好，这也是对于我们今天所学知识的一个应用。啊，那我看其实我们表演呃影子戏还有非常大的空间。田老师呢这里有一个影子戏的评价标准，这个标准我等会儿会给到小朋友们同时还会给到孩子们一套表演影子戏的材料，请小朋友们带回去，继续完善自己的影子戏，让影子戏符合这些标准清楚了吗？哎，好，那今天这节课我们就上到这里，同学们下课起立。好，小朋友们，你们刚才的讲卡打开你们的记录单二}<|im_end|>\n<|im_start|>assistant\n']
Answer
: ### 总结：

#### 1. 主题和目标：
本节课的主题是探究影子的秘密，并通过实验和互动学习影子的变化规律。目标是让学生理解影子产生的原理及其变化规律。

#### 2. 主要讲解的知识点：
1. **影子产生的原理**：
   - 需要有光源、阻挡物和屏幕。
   - 光源被阻挡物挡住，形成影子。
   
2. **影子的变化规律**：
   - 影子大小的变化可通过光源位置的变化实现。
   - 影子方向的变化可通过光源方向的变化实现。

#### 3. 简要解释：
1. **影子产生的原理**：
   - 光源（如太阳）照射到物体上，阻挡物（如人）挡住部分光线，形成影子。
   
2. **影子的变化规律**：
   - 改变光源的位置或方向，可以改变影子的大小和方向。

#### 4. 技术发展历史或时间线：
本节课没有涉及具体的技术发展历史或时间线，而是通过实验和互动学习影子的变化规律。

#### 5. 关键术语及其解释：
1. **光源**：
   - 发出明亮光线的物体，如太阳、手电筒等。
   
2. **阻挡物**：
   - 挡住光线的物体，如人的手、身体等。
   
3. **屏幕**：
   - 影子投影到的表面，如地面、墙面等。

### 总结：
本节课通过实验和互动学习，让学生理解影子产生的原理及其变化规律，重点在于光源、阻挡物和屏幕的关系，以及如何通过改变光源的位置和方向来实现影子大小和方向的变化。
************* Performance metrics *************
Overal Latency: 35.92548727989197 s
Output token size: 371
Load time: 7109.00 ms
Generate time: 27261.76 ± 0.00 ms
Tokenization time: 12.08 ± 0.00 ms
Detokenization time: 0.87 ± 0.00 ms
TTFT: 6612.83 ± 0.00 ms
TPOT: 55.80 ± 2.00 ms
Throughput : 17.92 ± 0.64 tokens/s
